{u'routes': [{u'bounds': {u'northeast': {u'lat': 39.3370859,
                                         u'lng': -76.590825},
                          u'southwest': {u'lat': 39.2965022,
                                         u'lng': -76.6299535}},
              u'copyrights': u'Map data \xa92015 Google',
              u'legs': [{u'distance': {u'text': u'4.7 mi', u'value': 7612},
                         u'duration': {u'text': u'15 mins', u'value': 872},
                         u'end_address': u'615 North Wolfe Street, Baltimore, MD 21205, USA',
                         u'end_location': {u'lat': 39.2979582,
                                           u'lng': -76.590825},
                         u'start_address': u'500 West University Parkway, Baltimore, MD 21210, USA',
                         u'start_location': {u'lat': 39.33703939999999,
                                             u'lng': -76.6246441},
                         u'steps': [{u'distance': {u'text': u'131 ft',
                                                   u'value': 40},
                                     u'duration': {u'text': u'1 min',
                                                   u'value': 7},
                                     u'end_location': {u'lat': 39.336881,
                                                       u'lng': -76.6244629},
                                     u'html_instructions': u'Head <b>northeast</b> toward <b>W University Pkwy</b><div style="font-size:0.9em">Restricted usage road</div>',
                                     u'polyline': {u'points': u'o_boF~vtrMEEAA?CAC@A?CHOBE@A@A@?B@NH'},
                                     u'start_location': {u'lat': 39.33703939999999,
                                                         u'lng': -76.6246441},
                                     u'travel_mode': u'DRIVING'},
                                    {u'distance': {u'text': u'0.3 mi',
                                                   u'value': 472},
                                     u'duration': {u'text': u'2 mins',
                                                   u'value': 101},
                                     u'end_location': {u'lat': 39.3330933,
                                                       u'lng': -76.6257722},
                                     u'html_instructions': u'Continue onto <b>Tudor Arms Ave</b>',
                                     u'polyline': {u'points': u'o~aoFzutrMPNh@b@`@Xb@^RXFLFJFNDLFPDPDJFLDFFFBBD@HBJBL@\\DbDKlCExCK'},
                                     u'start_location': {u'lat': 39.336881,
                                                         u'lng': -76.6244629},
                                     u'travel_mode': u'DRIVING'},
                                    {u'distance': {u'text': u'0.1 mi',
                                                   u'value': 211},
                                     u'duration': {u'text': u'1 min',
                                                   u'value': 36},
                                     u'end_location': {u'lat': 39.3329418,
                                                       u'lng': -76.62812939999999},
                                     u'html_instructions': u'<b>Tudor Arms Ave</b> turns slightly <b>right</b> and becomes <b>W 37th St</b>',
                                     u'polyline': {u'points': u'yfaoF`~trM@?@?@?@?@??@@?@??@@@?@?@@@?@?B?@?@?D?~@@`@?vABbB@~@B|A'},
                                     u'start_location': {u'lat': 39.3330933,
                                                         u'lng': -76.6257722},
                                     u'travel_mode': u'DRIVING'},
                                    {u'distance': {u'text': u'0.7 mi',
                                                   u'value': 1196},
                                     u'duration': {u'text': u'3 mins',
                                                   u'value': 174},
                                     u'end_location': {u'lat': 39.3222026,
                                                       u'lng': -76.6280012},
                                     u'html_instructions': u'Turn <b>left</b> onto <b>Keswick Rd</b>',
                                     u'maneuver': u'turn-left',
                                     u'polyline': {u'points': u'{eaoFxlurM|AEF?~@E`DInDIrAEdBEfACpACtAEz@AtAE`BCjBEhCEP?R?p@@f@Bj@BfAD|BHfABD?pDL`ADF@F?B@B?B?F@'},
                                     u'start_location': {u'lat': 39.3329418,
                                                         u'lng': -76.62812939999999},
                                     u'travel_mode': u'DRIVING'},
                                    {u'distance': {u'text': u'0.1 mi',
                                                   u'value': 161},
                                     u'duration': {u'text': u'1 min',
                                                   u'value': 31},
                                     u'end_location': {u'lat': 39.3210507,
                                                       u'lng': -76.6268723},
                                     u'html_instructions': u'<b>Keswick Rd</b> turns <b>left</b> and becomes <b>Sisson St</b>',
                                     u'polyline': {u'points': u'wb_oF~kurM`@]LMxAyAzA{A'},
                                     u'start_location': {u'lat': 39.3222026,
                                                         u'lng': -76.6280012},
                                     u'travel_mode': u'DRIVING'},
                                    {u'distance': {u'text': u'0.3 mi',
                                                   u'value': 404},
                                     u'duration': {u'text': u'1 min',
                                                   u'value': 37},
                                     u'end_location': {u'lat': 39.3183694,
                                                       u'lng': -76.6296745},
                                     u'html_instructions': u'Turn <b>right</b> onto <b>W 29th St</b>',
                                     u'maneuver': u'turn-right',
                                     u'polyline': {u'points': u'q{~nF|durM`@_@L`@BFHRLV\\j@PV\\b@~@bAd@j@d@h@d@h@r@t@f@f@^^XZDDNL^^'},
                                     u'start_location': {u'lat': 39.3210507,
                                                         u'lng': -76.6268723},
                                     u'travel_mode': u'DRIVING'},
                                    {u'distance': {u'text': u'1.6 mi',
                                                   u'value': 2563},
                                     u'duration': {u'text': u'2 mins',
                                                   u'value': 119},
                                     u'end_location': {u'lat': 39.3025917,
                                                       u'lng': -76.6115682},
                                     u'html_instructions': u'Take the ramp on the <b>left</b> onto <b>I-83 S/Jones Falls Expy</b>',
                                     u'polyline': {u'points': u'yj~nFlvurMXJd@PPFHBFBLDD@F@L@J?D?FANCJCFAJCLGTOBARMHGFERORMLMHGROn@[\\SZONKLIBADEBCBCBEBC@EBIl@a@VU\\[nAgAfCaCpBmBnAkARSPMTU^a@`@e@LORW\\e@f@u@r@iAh@cAXk@JUJUp@oAL[HOHOJSXo@LUxA}CFMvAuCXi@dAsBBGTi@n@qA`@}@d@iATg@J[h@mAR_@d@_A?CHMT_@pAwBXi@@AJSFKVg@N]R_@^u@Tg@L_@FUNm@H_@Fc@BMD_A@S@G?I@W@i@A_A?u@@a@?[B]BYDWDQDUDMFODI?ANWJONQJKNMFCLIRKNCLENCVCN?H?p@@\\@bAFbAD~@FH?@?d@@bABV?'},
                                     u'start_location': {u'lat': 39.3183694,
                                                         u'lng': -76.6296745},
                                     u'travel_mode': u'DRIVING'},
                                    {u'distance': {u'text': u'0.2 mi',
                                                   u'value': 288},
                                     u'duration': {u'text': u'1 min',
                                                   u'value': 16},
                                     u'end_location': {u'lat': 39.3000233,
                                                       u'lng': -76.6116783},
                                     u'html_instructions': u'Take exit <b>3</b> for <b>Guilford Avenue</b>',
                                     u'maneuver': u'ramp-right',
                                     u'polyline': {u'points': u'eh{nFherrMDD@@@@@@DBD@J?v@DZ@X?d@@|AEt@Ar@?`C@'},
                                     u'start_location': {u'lat': 39.3025917,
                                                         u'lng': -76.6115682},
                                     u'travel_mode': u'DRIVING'},
                                    {u'distance': {u'text': u'0.2 mi',
                                                   u'value': 393},
                                     u'duration': {u'text': u'1 min',
                                                   u'value': 62},
                                     u'end_location': {u'lat': 39.2965022,
                                                       u'lng': -76.6113835},
                                     u'html_instructions': u'Merge onto <b>Guilford Ave</b>',
                                     u'maneuver': u'merge',
                                     u'polyline': {u'points': u'cxznF~errMh@CfBGjBEFEBCFA|DMnFO'},
                                     u'start_location': {u'lat': 39.3000233,
                                                         u'lng': -76.6116783},
                                     u'travel_mode': u'DRIVING'},
                                    {u'distance': {u'text': u'0.1 mi',
                                                   u'value': 215},
                                     u'duration': {u'text': u'1 min',
                                                   u'value': 38},
                                     u'end_location': {u'lat': 39.2976857,
                                                       u'lng': -76.6094936},
                                     u'html_instructions': u'Turn <b>left</b> onto <b>E Centre St</b>',
                                     u'maneuver': u'turn-left',
                                     u'polyline': {u'points': u'cbznFbdrrM?]AIAMCKGOEMEMCES[OSSUCC[_@U_@[[KMGECEEECECECCCECGCECIEGCI'},
                                     u'start_location': {u'lat': 39.2965022,
                                                         u'lng': -76.6113835},
                                     u'travel_mode': u'DRIVING'},
                                    {u'distance': {u'text': u'1.0 mi',
                                                   u'value': 1608},
                                     u'duration': {u'text': u'4 mins',
                                                   u'value': 233},
                                     u'end_location': {u'lat': 39.2985045,
                                                       u'lng': -76.5908606},
                                     u'html_instructions': u'Continue onto <b>E Monument St</b>',
                                     u'polyline': {u'points': u'qiznFhxqrMEKAGEMAI?EAEAG?GAI?M?YEgEIkFCgA?KE}AG_DC{CAe@GyECmACaCAaAE{BEoDCyACcBEwCEyCIgF?c@AQ?YGkEC}BAs@Aq@As@K_HE}BAiC'},
                                     u'start_location': {u'lat': 39.2976857,
                                                         u'lng': -76.6094936},
                                     u'travel_mode': u'DRIVING'},
                                    {u'distance': {u'text': u'200 ft',
                                                   u'value': 61},
                                     u'duration': {u'text': u'1 min',
                                                   u'value': 18},
                                     u'end_location': {u'lat': 39.2979582,
                                                       u'lng': -76.590825},
                                     u'html_instructions': u'Turn <b>right</b> onto <b>N Wolfe St</b><div style="font-size:0.9em">Destination will be on the left</div>',
                                     u'maneuver': u'turn-right',
                                     u'polyline': {u'points': u'snznFzcnrMjBG'},
                                     u'start_location': {u'lat': 39.2985045,
                                                         u'lng': -76.5908606},
                                     u'travel_mode': u'DRIVING'}],
                         u'via_waypoint': []}],
              u'overview_polyline': {u'points': u'o_boF~vtrMION[BCD@lBvAv@x@NXZ`ALXLNHDTFj@FpHQ~CKHD@TD|GD|CdBEdN_@tIS~IQzCEdA@xGV`IVVBJ@n@k@tDuD`@_@L`@LZj@bAn@z@dBnBfDpD~@`An@l@~@\\b@NZHf@?n@Mz@g@d@]~@s@xBkAZULSBIl@a@t@q@vEiE`EyDd@a@t@w@`BsBzA_CbAoBvAwC`G{LxBoElCaGt@iBx@_B^q@lBcDz@eBr@uAb@gAVcAPcAJaBDsA?wCBy@Hq@XeA`@s@Z]VQ`@U\\If@GX?rCJlCLbCDJJJDbADt@@bCChBA`C@pCKjBEFEJElL]Ag@EYWq@c@o@WYq@_Ag@i@UWOWQa@Ok@C[GyFS}KU{Pc@s[_@oYUcOAiCjBG'},
              u'summary': u'I-83 S',
              u'warnings': [],
              u'waypoint_order': []}],
 u'status': u'OK'}
{u'lat': 39.336881, u'lng': -76.6244629}
{u'lat': 39.3330933, u'lng': -76.6257722}
{u'lat': 39.3329418, u'lng': -76.62812939999999}
{u'lat': 39.3222026, u'lng': -76.6280012}
{u'lat': 39.3210507, u'lng': -76.6268723}
{u'lat': 39.3183694, u'lng': -76.6296745}
{u'lat': 39.3025917, u'lng': -76.6115682}
{u'lat': 39.3000233, u'lng': -76.6116783}
{u'lat': 39.2965022, u'lng': -76.6113835}
{u'lat': 39.2976857, u'lng': -76.6094936}
{u'lat': 39.2985045, u'lng': -76.5908606}
{u'lat': 39.2979582, u'lng': -76.590825}
